19:50:42.149160: _v2-entry-point[13036]: argv: /home/dam1/.local/share/Steam/steamapps/common/Proton\ -\ Experimental/proton run /home/dam1/.local/share/Steam/legacycompat/iscriptevaluator.exe --get-current-step 308420 
19:50:42.149366: _v2-entry-point[13037]: argv: /home/dam1/.local/share/Steam/steamapps/common/Proton\ -\ Experimental/proton getcompatpath /home/dam1/.local/share/Steam/steamapps/common/Ziggurat 
19:50:42.153911: _start-container-in-background[13056]: argv: --session=/tmp/SteamPVSockets.Klr0Co/SteamLinuxRuntime.ad7e14840a5d4f4a --suite= -- --terminate-timeout=2 
19:50:42.155599: _start-container-in-background[13056]: Starting pressure-vessel-launcher in background
19:50:42.156083: _start-container-in-background[13056]: Started pressure-vessel-launcher in background, pid 13064
19:50:42.159793: pressure-vessel-wrap[13064]: I: pressure-vessel version 0.20210305.0+srt1
19:50:42.162787: pressure-vessel-wrap[13064]: I: pv_runtime_provide_container_access: Using bwrap to set up runtime that is just /usr
19:50:42.166380: pressure-vessel-wrap[13064]: I: EGL ICD #0 at /usr/share/glvnd/egl_vendor.d/50_mesa.json: libEGL_mesa.so.0
19:50:42.189501: pressure-vessel-wrap[13064]: I: Vulkan ICD #0 at /usr/share/vulkan/icd.d/radeon_icd.i686.json: /usr/lib/libvulkan_radeon.so
19:50:42.189527: pressure-vessel-wrap[13064]: I: Vulkan ICD #1 at /usr/share/vulkan/icd.d/radeon_icd.x86_64.json: /usr/lib64/libvulkan_radeon.so
19:50:42.196016: pressure-vessel-wrap[13064]: I: Vulkan explicit layer #0 at /usr/share/vulkan/explicit_layer.d/VkLayer_khronos_validation.json: libVkLayer_khronos_validation.so
19:50:42.203428: pressure-vessel-wrap[13064]: I: Vulkan implicit layer #0 at /usr/share/vulkan/implicit_layer.d/VkLayer_MESA_device_select.json: libVkLayer_MESA_device_select.so
19:50:42.203453: pressure-vessel-wrap[13064]: I: Vulkan implicit layer #1 at /home/dam1/.local/share/vulkan/implicit_layer.d/steamfossilize_i386.json: /home/dam1/.local/share/Steam/ubuntu12_32/libVkLayer_steam_fossilize.so
19:50:42.203460: pressure-vessel-wrap[13064]: I: Vulkan implicit layer #2 at /home/dam1/.local/share/vulkan/implicit_layer.d/steamfossilize_x86_64.json: /home/dam1/.local/share/Steam/ubuntu12_64/libVkLayer_steam_fossilize.so
19:50:42.203465: pressure-vessel-wrap[13064]: I: Vulkan implicit layer #3 at /home/dam1/.local/share/vulkan/implicit_layer.d/steamoverlay_i386.json: /home/dam1/.local/share/Steam/ubuntu12_32/steamoverlayvulkanlayer.so
19:50:42.203477: pressure-vessel-wrap[13064]: I: Vulkan implicit layer #4 at /home/dam1/.local/share/vulkan/implicit_layer.d/steamoverlay_x86_64.json: /home/dam1/.local/share/Steam/ubuntu12_64/steamoverlayvulkanlayer.so
19:50:42.206813: pressure-vessel-wrap[13064]: I: Capturing loadable module: libEGL_mesa.so.0
19:50:42.210280: pressure-vessel-wrap[13064]: I: Capturing loadable module: /usr/lib/libvulkan_radeon.so
19:50:42.213131: pressure-vessel-wrap[13064]: I: Capturing loadable module: /usr/lib64/libvulkan_radeon.so
19:50:42.216940: pressure-vessel-wrap[13064]: I: Capturing loadable module: libVkLayer_khronos_validation.so
19:50:42.220881: pressure-vessel-wrap[13064]: I: Capturing loadable module: libVkLayer_MESA_device_select.so
19:50:42.224558: pressure-vessel-wrap[13064]: I: Capturing loadable module: /home/dam1/.local/share/Steam/ubuntu12_32/libVkLayer_steam_fossilize.so
19:50:42.227518: pressure-vessel-wrap[13064]: I: Capturing loadable module: /home/dam1/.local/share/Steam/ubuntu12_64/libVkLayer_steam_fossilize.so
19:50:42.230462: pressure-vessel-wrap[13064]: I: Capturing loadable module: /home/dam1/.local/share/Steam/ubuntu12_32/steamoverlayvulkanlayer.so
19:50:42.233726: pressure-vessel-wrap[13064]: I: Capturing loadable module: /home/dam1/.local/share/Steam/ubuntu12_64/steamoverlayvulkanlayer.so
19:50:42.269105: pressure-vessel-wrap[13064]: I: Capturing loadable module: /usr/lib64/vdpau/libvdpau_radeonsi.so
19:50:42.273426: pressure-vessel-wrap[13064]: I: Capturing loadable module: /usr/lib64/vdpau/libvdpau_radeonsi.so.1
19:50:42.277179: pressure-vessel-wrap[13064]: I: Capturing loadable module: /usr/lib64/vdpau/libvdpau_trace.so
19:50:42.280047: pressure-vessel-wrap[13064]: I: Capturing loadable module: /usr/lib64/vdpau/libvdpau_trace.so.1
19:50:42.317435: pressure-vessel-wrap[13064]: I: Capturing loadable module: /usr/lib64/dri/kms_swrast_dri.so
19:50:42.321499: pressure-vessel-wrap[13064]: I: Capturing loadable module: /usr/lib64/dri/radeonsi_dri.so
19:50:42.325033: pressure-vessel-wrap[13064]: I: Capturing loadable module: /usr/lib64/dri/swrast_dri.so
19:50:42.374462: pressure-vessel-wrap[13064]: I: Capturing loadable module: libEGL_mesa.so.0
19:50:42.378329: pressure-vessel-wrap[13064]: I: Capturing loadable module: /usr/lib/libvulkan_radeon.so
19:50:42.382409: pressure-vessel-wrap[13064]: I: Capturing loadable module: /usr/lib64/libvulkan_radeon.so
19:50:42.385860: pressure-vessel-wrap[13064]: I: Capturing loadable module: libVkLayer_khronos_validation.so
19:50:42.389598: pressure-vessel-wrap[13064]: I: Capturing loadable module: libVkLayer_MESA_device_select.so
19:50:42.392950: pressure-vessel-wrap[13064]: I: Capturing loadable module: /home/dam1/.local/share/Steam/ubuntu12_32/libVkLayer_steam_fossilize.so
19:50:42.396192: pressure-vessel-wrap[13064]: I: Capturing loadable module: /home/dam1/.local/share/Steam/ubuntu12_64/libVkLayer_steam_fossilize.so
19:50:42.399218: pressure-vessel-wrap[13064]: I: Capturing loadable module: /home/dam1/.local/share/Steam/ubuntu12_32/steamoverlayvulkanlayer.so
19:50:42.402926: pressure-vessel-wrap[13064]: I: Capturing loadable module: /home/dam1/.local/share/Steam/ubuntu12_64/steamoverlayvulkanlayer.so
19:50:42.434857: pressure-vessel-wrap[13064]: I: Capturing loadable module: /usr/lib/vdpau/libvdpau_radeonsi.so
19:50:42.439820: pressure-vessel-wrap[13064]: I: Capturing loadable module: /usr/lib/vdpau/libvdpau_radeonsi.so.1
19:50:42.443969: pressure-vessel-wrap[13064]: I: Capturing loadable module: /usr/lib/vdpau/libvdpau_trace.so
19:50:42.447039: pressure-vessel-wrap[13064]: I: Capturing loadable module: /usr/lib/vdpau/libvdpau_trace.so.1
19:50:42.485848: pressure-vessel-wrap[13064]: I: Capturing loadable module: /usr/lib/dri/kms_swrast_dri.so
19:50:42.490338: pressure-vessel-wrap[13064]: I: Capturing loadable module: /usr/lib/dri/radeonsi_dri.so
19:50:42.494077: pressure-vessel-wrap[13064]: I: Capturing loadable module: /usr/lib/dri/swrast_dri.so
19:50:42.553034: pressure-vessel-wrap[13064]: I: Bind-mounting STEAM_COMPAT_CLIENT_INSTALL_PATH="/home/dam1/.local/share/Steam" from the current env as STEAM_COMPAT_CLIENT_INSTALL_PATH="/home/dam1/.local/share/Steam" in the host
19:50:42.553062: pressure-vessel-wrap[13064]: I: Bind-mounting STEAM_COMPAT_DATA_PATH="/home/dam1/.local/share/Steam/steamapps/compatdata/308420" from the current env as STEAM_COMPAT_DATA_PATH="/home/dam1/.local/share/Steam/steamapps/compatdata/308420" in the host
19:50:42.553078: pressure-vessel-wrap[13064]: I: Bind-mounting STEAM_COMPAT_INSTALL_PATH="/home/dam1/.local/share/Steam/steamapps/common/Ziggurat" from the current env as STEAM_COMPAT_INSTALL_PATH="/home/dam1/.local/share/Steam/steamapps/common/Ziggurat" in the host
19:50:42.553092: pressure-vessel-wrap[13064]: I: Bind-mounting STEAM_COMPAT_LIBRARY_PATHS="...:/home/dam1/.local/share/Steam/steamapps:..." from the current env as STEAM_COMPAT_LIBRARY_PATHS="...:/home/dam1/.local/share/Steam/steamapps:..." in the host
19:50:42.553105: pressure-vessel-wrap[13064]: I: Bind-mounting STEAM_COMPAT_SHADER_PATH="/home/dam1/.local/share/Steam/steamapps/shadercache/308420" from the current env as STEAM_COMPAT_SHADER_PATH="/home/dam1/.local/share/Steam/steamapps/shadercache/308420" in the host
19:50:42.553120: pressure-vessel-wrap[13064]: I: Bind-mounting STEAM_COMPAT_TOOL_PATHS="...:/home/dam1/.local/share/Steam/steamapps/common/Proton - Experimental:..." from the current env as STEAM_COMPAT_TOOL_PATHS="...:/home/dam1/.local/share/Steam/steamapps/common/Proton - Experimental:..." in the host
19:50:42.553134: pressure-vessel-wrap[13064]: I: Bind-mounting STEAM_COMPAT_TOOL_PATHS="...:/home/dam1/.local/share/Steam/steamapps/common/SteamLinuxRuntime_soldier:..." from the current env as STEAM_COMPAT_TOOL_PATHS="...:/home/dam1/.local/share/Steam/steamapps/common/SteamLinuxRuntime_soldier:..." in the host
19:50:42.553153: pressure-vessel-wrap[13064]: I: Bind-mounting "/home/dam1/.local/share/Steam/steamapps/common/SteamLinuxRuntime_soldier/pressure-vessel"
19:50:42.553167: pressure-vessel-wrap[13064]: I: Bind-mounting "/tmp/SteamPVSockets.Klr0Co/SteamLinuxRuntime.ad7e14840a5d4f4a"
19:50:42.576010: pressure-vessel-adverb[13298]: I: No locales have been generated
19:50:42.576056: pressure-vessel-adverb[13298]: I: No locales were missing
19:50:42.580534: _start-container-in-background[13331]: argv: --session=/tmp/SteamPVSockets.Klr0Co/SteamLinuxRuntime.ad7e14840a5d4f4a --suite= -- --terminate-timeout=2 
19:50:42.580937: pressure-vessel-launcher[13329]: I: Running spawn command /home/dam1/.local/share/Steam/steamapps/common/Proton - Experimental/proton
19:50:42.581684: _start-container-in-background[13331]: Session already started in /tmp/SteamPVSockets.Klr0Co/SteamLinuxRuntime.ad7e14840a5d4f4a
19:50:42.584576: pressure-vessel-launcher[13329]: I: Running spawn command /home/dam1/.local/share/Steam/steamapps/common/Proton - Experimental/proton
fsync: up and running.
wine: RLIMIT_NICE is <= 20, unable to use setpriority safely
Z:\home\dam1\.local\share\Steam\steamapps\common\Ziggurat
19:50:55.922375: _v2-entry-point[13663]: argv: /home/dam1/.local/share/Steam/steamapps/common/Proton\ -\ Experimental/proton getcompatpath /home/dam1/.local/share/Steam/steamapps/common/Steamworks\ Shared 
19:50:55.926734: _start-container-in-background[13673]: argv: --session=/tmp/SteamPVSockets.Klr0Co/SteamLinuxRuntime.ad7e14840a5d4f4a --suite= -- --terminate-timeout=2 
19:50:55.927802: _start-container-in-background[13673]: Session already started in /tmp/SteamPVSockets.Klr0Co/SteamLinuxRuntime.ad7e14840a5d4f4a
19:50:55.930207: pressure-vessel-launcher[13329]: I: Running spawn command /home/dam1/.local/share/Steam/steamapps/common/Proton - Experimental/proton
Z:\home\dam1\.local\share\Steam\steamapps\common\Steamworks Shared
0/0: 19:50:56.155914: _v2-entry-point[13698]: argv: /home/dam1/.local/share/Steam/steamapps/common/Proton\ -\ Experimental/proton run /home/dam1/.local/share/Steam/legacycompat/iscriptevaluator.exe legacycompat\\evaluatorscript_308420.vdf 
19:50:56.160114: _start-container-in-background[13708]: argv: --session=/tmp/SteamPVSockets.Klr0Co/SteamLinuxRuntime.ad7e14840a5d4f4a --suite= -- --terminate-timeout=2 
19:50:56.161087: _start-container-in-background[13708]: Session already started in /tmp/SteamPVSockets.Klr0Co/SteamLinuxRuntime.ad7e14840a5d4f4a
19:50:56.163381: pressure-vessel-launcher[13329]: I: Running spawn command /home/dam1/.local/share/Steam/steamapps/common/Proton - Experimental/proton
src\clientdll\installscript_win32.cpp (2223) : Assertion Failed: V_strlen( pchInstallPath ) > 0
src\clientdll\installscript_win32.cpp (2223) : Assertion Failed: V_strlen( pchInstallPath ) > 0
src\clientdll\installscript_win32.cpp (2224) : Assertion Failed: V_IsAbsolutePath( pchInstallPath )
src\clientdll\installscript_win32.cpp (2224) : Assertion Failed: V_IsAbsolutePath( pchInstallPath )
src\clientdll\installscript_win32.cpp (2223) : Assertion Failed: V_strlen( pchInstallPath ) > 0
src\clientdll\installscript_win32.cpp (2223) : Assertion Failed: V_strlen( pchInstallPath ) > 0
src\clientdll\installscript_win32.cpp (2224) : Assertion Failed: V_IsAbsolutePath( pchInstallPath )
src\clientdll\installscript_win32.cpp (2224) : Assertion Failed: V_IsAbsolutePath( pchInstallPath )
src\clientdll\installscript_win32.cpp (2223) : Assertion Failed: V_strlen( pchInstallPath ) > 0
src\clientdll\installscript_win32.cpp (2223) : Assertion Failed: V_strlen( pchInstallPath ) > 0
src\clientdll\installscript_win32.cpp (2224) : Assertion Failed: V_IsAbsolutePath( pchInstallPath )
src\clientdll\installscript_win32.cpp (2224) : Assertion Failed: V_IsAbsolutePath( pchInstallPath )
pid 13749 != 13743, skipping destruction (fork without exec?)
19:50:56.815842: _v2-entry-point[13743]: argv: /home/dam1/.local/share/Steam/steamapps/common/Proton\ -\ Experimental/proton waitforexitandrun /home/dam1/.local/share/Steam/steamapps/common/Ziggurat/Ziggurat.exe export STEAM_RUNTIME=0 
19:50:56.816483: _v2-entry-point[13743]: Main program in session mode
19:50:56.825334: _v2-entry-point[13743]: Terminating and re-launching container for main game
ERROR: ld.so: object '/home/dam1/.local/share/Steam/ubuntu12_32/gameoverlayrenderer.so' from LD_PRELOAD cannot be preloaded (wrong ELF class: ELFCLASS32): ignored.
ERROR: ld.so: object '/home/dam1/.local/share/Steam/ubuntu12_32/gameoverlayrenderer.so' from LD_PRELOAD cannot be preloaded (wrong ELF class: ELFCLASS32): ignored.
19:50:56.841979: pressure-vessel-adverb[13754]: I: Command exited with status 125
ERROR: ld.so: object '/home/dam1/.local/share/Steam/ubuntu12_32/gameoverlayrenderer.so' from LD_PRELOAD cannot be preloaded (wrong ELF class: ELFCLASS32): ignored.
ERROR: ld.so: object '/home/dam1/.local/share/Steam/ubuntu12_32/gameoverlayrenderer.so' from LD_PRELOAD cannot be preloaded (wrong ELF class: ELFCLASS32): ignored.
ERROR: ld.so: object '/home/dam1/.local/share/Steam/ubuntu12_32/gameoverlayrenderer.so' from LD_PRELOAD cannot be preloaded (wrong ELF class: ELFCLASS32): ignored.
ERROR: ld.so: object '/home/dam1/.local/share/Steam/ubuntu12_32/gameoverlayrenderer.so' from LD_PRELOAD cannot be preloaded (wrong ELF class: ELFCLASS32): ignored.
ERROR: ld.so: object '/home/dam1/.local/share/Steam/ubuntu12_32/gameoverlayrenderer.so' from LD_PRELOAD cannot be preloaded (wrong ELF class: ELFCLASS32): ignored.
19:50:56.866900: pressure-vessel-wrap[13743]: I: pressure-vessel version 0.20210305.0+srt1
19:50:56.869884: pressure-vessel-wrap[13743]: I: pv_runtime_provide_container_access: Using bwrap to set up runtime that is just /usr
19:50:56.873230: pressure-vessel-wrap[13743]: I: EGL ICD #0 at /usr/share/glvnd/egl_vendor.d/50_mesa.json: libEGL_mesa.so.0
19:50:56.894818: pressure-vessel-wrap[13743]: I: Vulkan ICD #0 at /usr/share/vulkan/icd.d/radeon_icd.i686.json: /usr/lib/libvulkan_radeon.so
19:50:56.894849: pressure-vessel-wrap[13743]: I: Vulkan ICD #1 at /usr/share/vulkan/icd.d/radeon_icd.x86_64.json: /usr/lib64/libvulkan_radeon.so
19:50:56.901186: pressure-vessel-wrap[13743]: I: Vulkan explicit layer #0 at /usr/share/vulkan/explicit_layer.d/VkLayer_khronos_validation.json: libVkLayer_khronos_validation.so
19:50:56.908075: pressure-vessel-wrap[13743]: I: Vulkan implicit layer #0 at /usr/share/vulkan/implicit_layer.d/VkLayer_MESA_device_select.json: libVkLayer_MESA_device_select.so
19:50:56.908099: pressure-vessel-wrap[13743]: I: Vulkan implicit layer #1 at /home/dam1/.local/share/vulkan/implicit_layer.d/steamfossilize_i386.json: /home/dam1/.local/share/Steam/ubuntu12_32/libVkLayer_steam_fossilize.so
19:50:56.908108: pressure-vessel-wrap[13743]: I: Vulkan implicit layer #2 at /home/dam1/.local/share/vulkan/implicit_layer.d/steamfossilize_x86_64.json: /home/dam1/.local/share/Steam/ubuntu12_64/libVkLayer_steam_fossilize.so
19:50:56.908115: pressure-vessel-wrap[13743]: I: Vulkan implicit layer #3 at /home/dam1/.local/share/vulkan/implicit_layer.d/steamoverlay_i386.json: /home/dam1/.local/share/Steam/ubuntu12_32/steamoverlayvulkanlayer.so
19:50:56.908122: pressure-vessel-wrap[13743]: I: Vulkan implicit layer #4 at /home/dam1/.local/share/vulkan/implicit_layer.d/steamoverlay_x86_64.json: /home/dam1/.local/share/Steam/ubuntu12_64/steamoverlayvulkanlayer.so
19:50:56.911370: pressure-vessel-wrap[13743]: I: Capturing loadable module: libEGL_mesa.so.0
19:50:56.914720: pressure-vessel-wrap[13743]: I: Capturing loadable module: /usr/lib/libvulkan_radeon.so
19:50:56.917778: pressure-vessel-wrap[13743]: I: Capturing loadable module: /usr/lib64/libvulkan_radeon.so
19:50:56.921921: pressure-vessel-wrap[13743]: I: Capturing loadable module: libVkLayer_khronos_validation.so
19:50:56.925159: pressure-vessel-wrap[13743]: I: Capturing loadable module: libVkLayer_MESA_device_select.so
19:50:56.928311: pressure-vessel-wrap[13743]: I: Capturing loadable module: /home/dam1/.local/share/Steam/ubuntu12_32/libVkLayer_steam_fossilize.so
19:50:56.931751: pressure-vessel-wrap[13743]: I: Capturing loadable module: /home/dam1/.local/share/Steam/ubuntu12_64/libVkLayer_steam_fossilize.so
19:50:56.935058: pressure-vessel-wrap[13743]: I: Capturing loadable module: /home/dam1/.local/share/Steam/ubuntu12_32/steamoverlayvulkanlayer.so
19:50:56.938003: pressure-vessel-wrap[13743]: I: Capturing loadable module: /home/dam1/.local/share/Steam/ubuntu12_64/steamoverlayvulkanlayer.so
19:50:56.972023: pressure-vessel-wrap[13743]: I: Capturing loadable module: /usr/lib64/vdpau/libvdpau_radeonsi.so
19:50:56.975704: pressure-vessel-wrap[13743]: I: Capturing loadable module: /usr/lib64/vdpau/libvdpau_radeonsi.so.1
19:50:56.979086: pressure-vessel-wrap[13743]: I: Capturing loadable module: /usr/lib64/vdpau/libvdpau_trace.so
19:50:56.981888: pressure-vessel-wrap[13743]: I: Capturing loadable module: /usr/lib64/vdpau/libvdpau_trace.so.1
19:50:57.016779: pressure-vessel-wrap[13743]: I: Capturing loadable module: /usr/lib64/dri/kms_swrast_dri.so
19:50:57.020323: pressure-vessel-wrap[13743]: I: Capturing loadable module: /usr/lib64/dri/radeonsi_dri.so
19:50:57.023425: pressure-vessel-wrap[13743]: I: Capturing loadable module: /usr/lib64/dri/swrast_dri.so
19:50:57.065853: pressure-vessel-wrap[13743]: I: Capturing loadable module: libEGL_mesa.so.0
19:50:57.069511: pressure-vessel-wrap[13743]: I: Capturing loadable module: /usr/lib/libvulkan_radeon.so
19:50:57.073341: pressure-vessel-wrap[13743]: I: Capturing loadable module: /usr/lib64/libvulkan_radeon.so
19:50:57.076357: pressure-vessel-wrap[13743]: I: Capturing loadable module: libVkLayer_khronos_validation.so
19:50:57.079387: pressure-vessel-wrap[13743]: I: Capturing loadable module: libVkLayer_MESA_device_select.so
19:50:57.082622: pressure-vessel-wrap[13743]: I: Capturing loadable module: /home/dam1/.local/share/Steam/ubuntu12_32/libVkLayer_steam_fossilize.so
19:50:57.085587: pressure-vessel-wrap[13743]: I: Capturing loadable module: /home/dam1/.local/share/Steam/ubuntu12_64/libVkLayer_steam_fossilize.so
19:50:57.088382: pressure-vessel-wrap[13743]: I: Capturing loadable module: /home/dam1/.local/share/Steam/ubuntu12_32/steamoverlayvulkanlayer.so
19:50:57.091305: pressure-vessel-wrap[13743]: I: Capturing loadable module: /home/dam1/.local/share/Steam/ubuntu12_64/steamoverlayvulkanlayer.so
19:50:57.122007: pressure-vessel-wrap[13743]: I: Capturing loadable module: /usr/lib/vdpau/libvdpau_radeonsi.so
19:50:57.126245: pressure-vessel-wrap[13743]: I: Capturing loadable module: /usr/lib/vdpau/libvdpau_radeonsi.so.1
19:50:57.130168: pressure-vessel-wrap[13743]: I: Capturing loadable module: /usr/lib/vdpau/libvdpau_trace.so
19:50:57.133376: pressure-vessel-wrap[13743]: I: Capturing loadable module: /usr/lib/vdpau/libvdpau_trace.so.1
19:50:57.169023: pressure-vessel-wrap[13743]: I: Capturing loadable module: /usr/lib/dri/kms_swrast_dri.so
19:50:57.172974: pressure-vessel-wrap[13743]: I: Capturing loadable module: /usr/lib/dri/radeonsi_dri.so
19:50:57.176500: pressure-vessel-wrap[13743]: I: Capturing loadable module: /usr/lib/dri/swrast_dri.so
19:50:57.228504: pressure-vessel-wrap[13743]: I: Bind-mounting STEAM_COMPAT_CLIENT_INSTALL_PATH="/home/dam1/.local/share/Steam" from the current env as STEAM_COMPAT_CLIENT_INSTALL_PATH="/home/dam1/.local/share/Steam" in the host
19:50:57.228536: pressure-vessel-wrap[13743]: I: Bind-mounting STEAM_COMPAT_DATA_PATH="/home/dam1/.local/share/Steam/steamapps/compatdata/308420" from the current env as STEAM_COMPAT_DATA_PATH="/home/dam1/.local/share/Steam/steamapps/compatdata/308420" in the host
19:50:57.228555: pressure-vessel-wrap[13743]: I: Bind-mounting STEAM_COMPAT_INSTALL_PATH="/home/dam1/.local/share/Steam/steamapps/common/Ziggurat" from the current env as STEAM_COMPAT_INSTALL_PATH="/home/dam1/.local/share/Steam/steamapps/common/Ziggurat" in the host
19:50:57.228571: pressure-vessel-wrap[13743]: I: Bind-mounting STEAM_COMPAT_LIBRARY_PATHS="...:/home/dam1/.local/share/Steam/steamapps:..." from the current env as STEAM_COMPAT_LIBRARY_PATHS="...:/home/dam1/.local/share/Steam/steamapps:..." in the host
19:50:57.228592: pressure-vessel-wrap[13743]: I: Bind-mounting STEAM_COMPAT_SHADER_PATH="/home/dam1/.local/share/Steam/steamapps/shadercache/308420" from the current env as STEAM_COMPAT_SHADER_PATH="/home/dam1/.local/share/Steam/steamapps/shadercache/308420" in the host
19:50:57.228610: pressure-vessel-wrap[13743]: I: Bind-mounting STEAM_COMPAT_TOOL_PATHS="...:/home/dam1/.local/share/Steam/steamapps/common/Proton - Experimental:..." from the current env as STEAM_COMPAT_TOOL_PATHS="...:/home/dam1/.local/share/Steam/steamapps/common/Proton - Experimental:..." in the host
19:50:57.228626: pressure-vessel-wrap[13743]: I: Bind-mounting STEAM_COMPAT_TOOL_PATHS="...:/home/dam1/.local/share/Steam/steamapps/common/SteamLinuxRuntime_soldier:..." from the current env as STEAM_COMPAT_TOOL_PATHS="...:/home/dam1/.local/share/Steam/steamapps/common/SteamLinuxRuntime_soldier:..." in the host
ERROR: ld.so: object '/home/dam1/.local/share/Steam/ubuntu12_32/gameoverlayrenderer.so' from LD_PRELOAD cannot be preloaded (wrong ELF class: ELFCLASS32): ignored.
19:50:57.295437: pressure-vessel-adverb[13971]: I: No locales have been generated
19:50:57.295544: pressure-vessel-adverb[13971]: I: No locales were missing
ERROR: ld.so: object '/home/dam1/.local/share/Steam/ubuntu12_32/gameoverlayrenderer.so' from LD_PRELOAD cannot be preloaded (wrong ELF class: ELFCLASS32): ignored.
ERROR: ld.so: object '/home/dam1/.local/share/Steam/ubuntu12_32/gameoverlayrenderer.so' from LD_PRELOAD cannot be preloaded (wrong ELF class: ELFCLASS32): ignored.
ERROR: ld.so: object '/home/dam1/.local/share/Steam/ubuntu12_32/gameoverlayrenderer.so' from LD_PRELOAD cannot be preloaded (wrong ELF class: ELFCLASS32): ignored.
ERROR: ld.so: object '/home/dam1/.local/share/Steam/ubuntu12_64/gameoverlayrenderer.so' from LD_PRELOAD cannot be preloaded (wrong ELF class: ELFCLASS64): ignored.
ERROR: ld.so: object '/home/dam1/.local/share/Steam/ubuntu12_64/gameoverlayrenderer.so' from LD_PRELOAD cannot be preloaded (wrong ELF class: ELFCLASS64): ignored.
ERROR: ld.so: object '/home/dam1/.local/share/Steam/ubuntu12_32/gameoverlayrenderer.so' from LD_PRELOAD cannot be preloaded (wrong ELF class: ELFCLASS32): ignored.
fsync: up and running.
wine: RLIMIT_NICE is <= 20, unable to use setpriority safely
ERROR: ld.so: object '/home/dam1/.local/share/Steam/ubuntu12_32/gameoverlayrenderer.so' from LD_PRELOAD cannot be preloaded (wrong ELF class: ELFCLASS32): ignored.
ERROR: ld.so: object '/home/dam1/.local/share/Steam/ubuntu12_32/gameoverlayrenderer.so' from LD_PRELOAD cannot be preloaded (wrong ELF class: ELFCLASS32): ignored.
ERROR: ld.so: object '/home/dam1/.local/share/Steam/ubuntu12_32/gameoverlayrenderer.so' from LD_PRELOAD cannot be preloaded (wrong ELF class: ELFCLASS32): ignored.
ERROR: ld.so: object '/home/dam1/.local/share/Steam/ubuntu12_32/gameoverlayrenderer.so' from LD_PRELOAD cannot be preloaded (wrong ELF class: ELFCLASS32): ignored.
ERROR: ld.so: object '/home/dam1/.local/share/Steam/ubuntu12_32/gameoverlayrenderer.so' from LD_PRELOAD cannot be preloaded (wrong ELF class: ELFCLASS32): ignored.
Setting breakpad minidump AppID = 308420
Steam_SetMinidumpSteamID:  Caching Steam ID:  76561198109875496 [API loaded no]
ERROR: ld.so: object '/home/dam1/.local/share/Steam/ubuntu12_64/gameoverlayrenderer.so' from LD_PRELOAD cannot be preloaded (wrong ELF class: ELFCLASS64): ignored.
Mono path[0] = 'Z:/home/dam1/.local/share/Steam/steamapps/common/Ziggurat/Ziggurat_Data/Managed'
Mono path[1] = 'Z:/home/dam1/.local/share/Steam/steamapps/common/Ziggurat/Ziggurat_Data/Mono'
Mono config path = 'Z:/home/dam1/.local/share/Steam/steamapps/common/Ziggurat/Ziggurat_Data/Mono/etc'
Fossilize INFO: Overriding serialization path: "/home/dam1/.local/share/Steam/steamapps/shadercache/308420/fozpipelinesv5/steamapprun_pipeline_cache".
ALSA lib conf.c:3956:(snd_config_update_r) Cannot access file /usr/share/alsa/alsa.conf
ALSA lib pcm.c:2565:(snd_pcm_open_noupdate) Unknown PCM default
ALSA lib conf.c:3956:(snd_config_update_r) Cannot access file /usr/share/alsa/alsa.conf
ALSA lib control.c:1375:(snd_ctl_open_noupdate) Invalid CTL hw:0
ALSA lib conf.c:3956:(snd_config_update_r) Cannot access file /usr/share/alsa/alsa.conf
ALSA lib pcm.c:2565:(snd_pcm_open_noupdate) Unknown PCM default
ALSA lib conf.c:3956:(snd_config_update_r) Cannot access file /usr/share/alsa/alsa.conf
ALSA lib control.c:1375:(snd_ctl_open_noupdate) Invalid CTL hw:0
Setting breakpad minidump AppID = 308420
Steam_SetMinidumpSteamID:  Caching Steam ID:  76561198109875496 [API loaded no]
19:51:12.950363: pressure-vessel-adverb[13971]: I: Command killed by signal 15
pid 13999 != 13998, skipping destruction (fork without exec?)
